{
  level: 'error',
  timestamp: '2020-07-06 00:38:10',
  message: "Cannot destructure property `name` of 'undefined' or 'null'.",
  stack: "TypeError: Cannot destructure property `name` of 'undefined' or 'null'.\n" +
    '    at index (C:\\Projetos\\gencrudapi\\src\\modules\\products\\controllers\\ProductsController.js:10:15)\n' +
    '    at newFn (C:\\Projetos\\gencrudapi\\node_modules\\express-async-errors\\index.js:16:20)\n' +
    '    at Layer.handle [as handle_request] (C:\\Projetos\\gencrudapi\\node_modules\\express\\lib\\router\\layer.js:95:5)\n' +
    '    at next (C:\\Projetos\\gencrudapi\\node_modules\\express\\lib\\router\\route.js:137:13)\n' +
    '    at Route.dispatch (C:\\Projetos\\gencrudapi\\node_modules\\express\\lib\\router\\route.js:112:3)\n' +
    '    at newFn (C:\\Projetos\\gencrudapi\\node_modules\\express-async-errors\\index.js:16:20)\n' +
    '    at Layer.handle [as handle_request] (C:\\Projetos\\gencrudapi\\node_modules\\express\\lib\\router\\layer.js:95:5)\n' +
    '    at C:\\Projetos\\gencrudapi\\node_modules\\express\\lib\\router\\index.js:281:22\n' +
    '    at Function.process_params (C:\\Projetos\\gencrudapi\\node_modules\\express\\lib\\router\\index.js:335:12)\n' +
    '    at next (C:\\Projetos\\gencrudapi\\node_modules\\express\\lib\\router\\index.js:275:10)'
}
{
  level: 'error',
  timestamp: '2020-07-06 00:38:22',
  message: "Cannot destructure property `name` of 'undefined' or 'null'.",
  stack: "TypeError: Cannot destructure property `name` of 'undefined' or 'null'.\n" +
    '    at index (C:\\Projetos\\gencrudapi\\src\\modules\\products\\controllers\\ProductsController.js:10:15)\n' +
    '    at newFn (C:\\Projetos\\gencrudapi\\node_modules\\express-async-errors\\index.js:16:20)\n' +
    '    at Layer.handle [as handle_request] (C:\\Projetos\\gencrudapi\\node_modules\\express\\lib\\router\\layer.js:95:5)\n' +
    '    at next (C:\\Projetos\\gencrudapi\\node_modules\\express\\lib\\router\\route.js:137:13)\n' +
    '    at Route.dispatch (C:\\Projetos\\gencrudapi\\node_modules\\express\\lib\\router\\route.js:112:3)\n' +
    '    at newFn (C:\\Projetos\\gencrudapi\\node_modules\\express-async-errors\\index.js:16:20)\n' +
    '    at Layer.handle [as handle_request] (C:\\Projetos\\gencrudapi\\node_modules\\express\\lib\\router\\layer.js:95:5)\n' +
    '    at C:\\Projetos\\gencrudapi\\node_modules\\express\\lib\\router\\index.js:281:22\n' +
    '    at Function.process_params (C:\\Projetos\\gencrudapi\\node_modules\\express\\lib\\router\\index.js:335:12)\n' +
    '    at next (C:\\Projetos\\gencrudapi\\node_modules\\express\\lib\\router\\index.js:275:10)'
}
